2024-05-28 18:25:33,130 - MainThread - sqlmesh.core.config.connection - INFO - Creating new DuckDB adapter for data files: {'db.db'} (connection.py:294)
2024-05-28 18:25:33,433 - MainThread - sqlmesh.core.config.connection - INFO - Creating new DuckDB adapter for in-memory database (connection.py:296)
2024-05-28 18:25:33,446 - MainThread - sqlmesh.core.config.connection - INFO - Using existing DuckDB adapter due to overlapping data file: db.db (connection.py:290)
2024-05-28 18:25:49,136 - MainThread - sqlmesh.core.snapshot.evaluator - INFO - Listing data objects in schema db.sqlmesh__sqlmesh_example (evaluator.py:266)
2024-05-28 18:25:49,137 - MainThread - sqlmesh.core.engine_adapter.base - INFO - Executing SQL: SELECT CURRENT_CATALOG() (base.py:1834)
2024-05-28 18:25:49,139 - MainThread - sqlmesh.core.engine_adapter.base - INFO - Executing SQL: SELECT CURRENT_CATALOG() (base.py:1834)
2024-05-28 18:25:49,140 - MainThread - sqlmesh.core.engine_adapter.base - INFO - Executing SQL: SELECT table_name AS name, table_schema AS schema, CASE table_type WHEN 'BASE TABLE' THEN 'table' WHEN 'VIEW' THEN 'view' WHEN 'LOCAL TEMPORARY' THEN 'table' END AS type FROM information_schema.tables WHERE table_schema = 'sqlmesh__sqlmesh_example' AND table_name IN ('sqlmesh_example__incremental_model__107854629', 'sqlmesh_example__incremental_model__107854629__temp', 'sqlmesh_example__full_model__293592804__temp', 'sqlmesh_example__full_model__293592804', 'sqlmesh_example__seed_model__3678911774__temp', 'sqlmesh_example__seed_model__3678911774') (base.py:1834)
2024-05-28 18:25:49,158 - MainThread - sqlmesh.core.snapshot.evaluator - INFO - Creating schema 'db.sqlmesh__sqlmesh_example' (evaluator.py:850)
2024-05-28 18:25:49,159 - MainThread - sqlmesh.core.engine_adapter.base - INFO - Executing SQL: CREATE SCHEMA IF NOT EXISTS "db"."sqlmesh__sqlmesh_example" (base.py:1834)
2024-05-28 18:25:49,166 - MainThread - sqlmesh.core.snapshot.evaluator - INFO - Creating table 'db.sqlmesh__sqlmesh_example.sqlmesh_example__incremental_model__107854629__temp' (evaluator.py:1160)
2024-05-28 18:25:49,167 - MainThread - sqlmesh.core.engine_adapter.base - INFO - Executing SQL: CREATE TABLE IF NOT EXISTS "db"."sqlmesh__sqlmesh_example"."sqlmesh_example__incremental_model__107854629__temp" ("id" INT, "item_id" INT, "event_date" DATE, "nullz" INT) (base.py:1834)
2024-05-28 18:25:49,167 - MainThread - sqlmesh.core.snapshot.evaluator - INFO - Dry running model 'sqlmesh_example.incremental_model' (evaluator.py:1180)
2024-05-28 18:25:49,168 - MainThread - sqlmesh.core.engine_adapter.base - INFO - Executing SQL: SELECT "seed_model"."id" AS "id", "seed_model"."item_id" AS "item_id", "seed_model"."event_date" AS "event_date", "seed_model"."nullz" AS "nullz" FROM "db"."sqlmesh__sqlmesh_example"."sqlmesh_example__seed_model__3678911774" AS "seed_model" WHERE ("seed_model"."event_date" <= CAST('1970-01-01' AS DATE) AND "seed_model"."event_date" >= CAST('1970-01-01' AS DATE)) AND FALSE LIMIT 0 (base.py:1834)
2024-05-28 18:25:49,174 - MainThread - sqlmesh.core.snapshot.evaluator - INFO - Creating table 'db.sqlmesh__sqlmesh_example.sqlmesh_example__incremental_model__107854629' (evaluator.py:1160)
2024-05-28 18:25:49,174 - MainThread - sqlmesh.core.engine_adapter.base - INFO - Executing SQL: CREATE TABLE IF NOT EXISTS "db"."sqlmesh__sqlmesh_example"."sqlmesh_example__incremental_model__107854629" ("id" INT, "item_id" INT, "event_date" DATE, "nullz" INT) (base.py:1834)
2024-05-28 18:25:49,192 - MainThread - sqlmesh.core.snapshot.evaluator - INFO - Evaluating snapshot SnapshotId<"db"."sqlmesh_example"."incremental_model": 2803595758> (evaluator.py:480)
2024-05-28 18:25:49,198 - MainThread - sqlmesh.core.snapshot.evaluator - INFO - Inserting batch (2020-01-01 00:00:00+00:00, 2024-05-29 00:00:00+00:00) into db.sqlmesh__sqlmesh_example.sqlmesh_example__incremental_model__107854629' (evaluator.py:505)
2024-05-28 18:25:49,198 - MainThread - sqlmesh.core.engine_adapter.base - INFO - Executing SQL: DELETE FROM "db"."sqlmesh__sqlmesh_example"."sqlmesh_example__incremental_model__107854629" WHERE "event_date" BETWEEN CAST('2020-01-01' AS DATE) AND CAST('2024-05-28' AS DATE) (base.py:1834)
2024-05-28 18:25:49,200 - MainThread - sqlmesh.core.engine_adapter.base - INFO - Executing SQL: INSERT INTO "db"."sqlmesh__sqlmesh_example"."sqlmesh_example__incremental_model__107854629" ("id", "item_id", "event_date", "nullz") SELECT "id", "item_id", "event_date", "nullz" FROM (SELECT "seed_model"."id" AS "id", "seed_model"."item_id" AS "item_id", "seed_model"."event_date" AS "event_date", "seed_model"."nullz" AS "nullz" FROM "db"."sqlmesh__sqlmesh_example"."sqlmesh_example__seed_model__3678911774" AS "seed_model" WHERE "seed_model"."event_date" <= CAST('2024-05-28' AS DATE) AND "seed_model"."event_date" >= CAST('2020-01-01' AS DATE)) AS "_subquery" WHERE "event_date" BETWEEN CAST('2020-01-01' AS DATE) AND CAST('2024-05-28' AS DATE) (base.py:1834)
2024-05-28 18:25:49,201 - MainThread - sqlmesh.core.state_sync.engine_adapter - INFO - Adding interval (1577836800000, 1716940800000) for snapshot SnapshotId<"db"."sqlmesh_example"."incremental_model": 2803595758> (engine_adapter.py:600)
2024-05-28 18:25:49,209 - MainThread - sqlmesh.core.state_sync.common - INFO - Promoting environment 'dev' (common.py:119)
2024-05-28 18:25:49,226 - MainThread - sqlmesh.core.snapshot.evaluator - INFO - Creating schema 'db.sqlmesh_example__dev' (evaluator.py:850)
2024-05-28 18:25:49,227 - MainThread - sqlmesh.core.engine_adapter.base - INFO - Executing SQL: CREATE SCHEMA IF NOT EXISTS "db"."sqlmesh_example__dev" (base.py:1834)
2024-05-28 18:25:49,227 - MainThread - sqlmesh.core.snapshot.evaluator - INFO - Updating view 'db.sqlmesh_example__dev.incremental_model' to point at table 'db.sqlmesh__sqlmesh_example.sqlmesh_example__incremental_model__107854629' (evaluator.py:1116)
2024-05-28 18:25:49,227 - MainThread - sqlmesh.core.engine_adapter.base - INFO - Executing SQL: CREATE OR REPLACE VIEW "db"."sqlmesh_example__dev"."incremental_model" AS SELECT * FROM "db"."sqlmesh__sqlmesh_example"."sqlmesh_example__incremental_model__107854629" (base.py:1834)
2024-05-28 18:25:49,228 - MainThread - sqlmesh.core.snapshot.evaluator - INFO - Updating view 'db.sqlmesh_example__dev.full_model' to point at table 'db.sqlmesh__sqlmesh_example.sqlmesh_example__full_model__293592804' (evaluator.py:1116)
2024-05-28 18:25:49,228 - MainThread - sqlmesh.core.engine_adapter.base - INFO - Executing SQL: CREATE OR REPLACE VIEW "db"."sqlmesh_example__dev"."full_model" AS SELECT * FROM "db"."sqlmesh__sqlmesh_example"."sqlmesh_example__full_model__293592804" (base.py:1834)
2024-05-28 18:25:49,229 - MainThread - sqlmesh.core.state_sync.common - INFO - Finalizing environment 'dev' (common.py:197)
2024-05-28 18:25:49,244 - MainThread - root - INFO - Shutting down the event dispatcher (dispatcher.py:159)
